This file contains any messages produced by compilers while
running configure, to aid debugging if configure makes a mistake.

It was created by dchat-gui configure 0.9, which was
generated by GNU Autoconf 2.69.  Invocation command line was

  $ ./configure 

## --------- ##
## Platform. ##
## --------- ##

hostname = Hackint0sh
uname -m = x86_64
uname -r = 14.0.0
uname -s = Darwin
uname -v = Darwin Kernel Version 14.0.0: Fri Sep 19 00:26:44 PDT 2014; root:xnu-2782.1.97~2/RELEASE_X86_64

/usr/bin/uname -p = i386
/bin/uname -X     = unknown

/bin/arch              = unknown
/usr/bin/arch -k       = unknown
/usr/convex/getsysinfo = unknown
/usr/bin/hostinfo      = Mach kernel version:
	 Darwin Kernel Version 14.0.0: Fri Sep 19 00:26:44 PDT 2014; root:xnu-2782.1.97~2/RELEASE_X86_64
Kernel configured for up to 4 processors.
2 processors are physically available.
4 processors are logically available.
Processor type: i486 (Intel 80486)
Processors active: 0 1 2 3
Primary memory available: 8.00 gigabytes
Default processor set: 233 tasks, 1102 threads, 4 processors
Load average: 1.52, Mach factor: 2.48
/bin/machine           = unknown
/usr/bin/oslevel       = unknown
/bin/universe          = unknown

PATH: /Users/christophmahrl/.rvm/gems/ruby-2.1.3/bin
PATH: /Users/christophmahrl/.rvm/gems/ruby-2.1.3@global/bin
PATH: /Users/christophmahrl/.rvm/rubies/ruby-2.1.3/bin
PATH: /opt/local/bin
PATH: /opt/local/sbin
PATH: /usr/local/bin
PATH: /usr/bin
PATH: /bin
PATH: /usr/sbin
PATH: /sbin
PATH: /opt/X11/bin
PATH: /usr/local/MacGPG2/bin
PATH: /opt/local/Scripts
PATH: /usr/bin/python
PATH: .
PATH: /Users/christophmahrl/.rvm/bin


## ----------- ##
## Core tests. ##
## ----------- ##

configure:2199: checking for a BSD-compatible install
configure:2267: result: /opt/local/bin/ginstall -c
configure:2278: checking whether build environment is sane
configure:2333: result: yes
configure:2484: checking for a thread-safe mkdir -p
configure:2523: result: /opt/local/bin/gmkdir -p
configure:2530: checking for gawk
configure:2546: found /opt/local/bin/gawk
configure:2557: result: gawk
configure:2568: checking whether make sets $(MAKE)
configure:2590: result: yes
configure:2619: checking whether make supports nested variables
configure:2636: result: yes
configure:2814: checking for gcc
configure:2830: found /usr/bin/gcc
configure:2841: result: gcc
configure:3070: checking for C compiler version
configure:3079: gcc --version >&5
Apple LLVM version 6.0 (clang-600.0.54) (based on LLVM 3.5svn)
Target: x86_64-apple-darwin14.0.0
Thread model: posix
Configured with: --prefix=/Applications/Xcode.app/Contents/Developer/usr --with-gxx-include-dir=/usr/include/c++/4.2.1
configure:3090: $? = 0
configure:3079: gcc -v >&5
Configured with: --prefix=/Applications/Xcode.app/Contents/Developer/usr --with-gxx-include-dir=/usr/include/c++/4.2.1
Apple LLVM version 6.0 (clang-600.0.54) (based on LLVM 3.5svn)
Target: x86_64-apple-darwin14.0.0
Thread model: posix
configure:3090: $? = 0
configure:3079: gcc -V >&5
clang: error: argument to '-V' is missing (expected 1 value)
clang: error: no input files
configure:3090: $? = 1
configure:3079: gcc -qversion >&5
clang: error: unknown argument: '-qversion'
clang: error: no input files
configure:3090: $? = 1
configure:3110: checking whether the C compiler works
configure:3132: gcc    conftest.c  >&5
configure:3136: $? = 0
configure:3184: result: yes
configure:3187: checking for C compiler default output file name
configure:3189: result: a.out
configure:3195: checking for suffix of executables
configure:3202: gcc -o conftest    conftest.c  >&5
configure:3206: $? = 0
configure:3228: result: 
configure:3250: checking whether we are cross compiling
configure:3258: gcc -o conftest    conftest.c  >&5
configure:3262: $? = 0
configure:3269: ./conftest
configure:3273: $? = 0
configure:3288: result: no
configure:3293: checking for suffix of object files
configure:3315: gcc -c   conftest.c >&5
configure:3319: $? = 0
configure:3340: result: o
configure:3344: checking whether we are using the GNU C compiler
configure:3363: gcc -c   conftest.c >&5
configure:3363: $? = 0
configure:3372: result: yes
configure:3381: checking whether gcc accepts -g
configure:3401: gcc -c -g  conftest.c >&5
configure:3401: $? = 0
configure:3442: result: yes
configure:3459: checking for gcc option to accept ISO C89
configure:3522: gcc  -c -g -O2  conftest.c >&5
configure:3522: $? = 0
configure:3535: result: none needed
configure:3560: checking whether gcc understands -c and -o together
configure:3582: gcc -c conftest.c -o conftest2.o
configure:3585: $? = 0
configure:3582: gcc -c conftest.c -o conftest2.o
configure:3585: $? = 0
configure:3597: result: yes
configure:3625: checking for style of include used by make
configure:3653: result: GNU
configure:3679: checking dependency style of gcc
configure:3790: result: gcc3
configure:3853: checking for NcursesW wide-character library
configure:3877: gcc -o conftest -g -O2   conftest.c  -lncursesw >&5
ld: library not found for -lncursesw
clang: error: linker command failed with exit code 1 (use -v to see invocation)
configure:3877: $? = 1
configure: failed program was:
| /* confdefs.h */
| #define PACKAGE_NAME "dchat-gui"
| #define PACKAGE_TARNAME "dchat-gui"
| #define PACKAGE_VERSION "0.9"
| #define PACKAGE_STRING "dchat-gui 0.9"
| #define PACKAGE_BUGREPORT "christoph.mahrl@gmail.com"
| #define PACKAGE_URL ""
| #define PACKAGE "dchat-gui"
| #define VERSION "0.9"
| /* end confdefs.h.  */
| 
| /* Override any GCC internal prototype to avoid an error.
|    Use char because int might match the return type of a GCC
|    builtin and then its argument prototype would still apply.  */
| #ifdef __cplusplus
| extern "C"
| #endif
| char initscr ();
| int
| main ()
| {
| return initscr ();
|   ;
|   return 0;
| }
configure:3886: result: no
configure:4115: checking for Ncurses library
configure:4139: gcc -o conftest -g -O2   conftest.c  -lncurses >&5
configure:4139: $? = 0
configure:4148: result: yes
configure:4168: checking for working ncurses/curses.h
configure:4195: gcc -o conftest -g -O2   conftest.c  -lncurses >&5
conftest.c:14:34: fatal error: 'ncurses/curses.h' file not found
                        #include <ncurses/curses.h>
                                 ^
1 error generated.
configure:4195: $? = 1
configure: failed program was:
| /* confdefs.h */
| #define PACKAGE_NAME "dchat-gui"
| #define PACKAGE_TARNAME "dchat-gui"
| #define PACKAGE_VERSION "0.9"
| #define PACKAGE_STRING "dchat-gui 0.9"
| #define PACKAGE_BUGREPORT "christoph.mahrl@gmail.com"
| #define PACKAGE_URL ""
| #define PACKAGE "dchat-gui"
| #define VERSION "0.9"
| #define HAVE_NCURSES 1
| #define HAVE_CURSES 1
| /* end confdefs.h.  */
| 
|                         #include <ncurses/curses.h>
| 
| int
| main ()
| {
| 
|                         chtype a = A_BOLD;
|                         int b = KEY_LEFT;
|                         chtype c = COLOR_PAIR(1) & A_COLOR;
|                         int g = getattrs(stdscr);
|                         int h = getcurx(stdscr) + getmaxx(stdscr);
|                         initscr();
|                         init_pair(1, COLOR_WHITE, COLOR_RED);
| 
|   ;
|   return 0;
| }
configure:4204: result: no
configure:4222: checking for working ncurses.h
configure:4249: gcc -o conftest -g -O2   conftest.c  -lncurses >&5
configure:4249: $? = 0
configure:4258: result: yes
configure:4583: checking how to run the C preprocessor
configure:4614: gcc -E  conftest.c
configure:4614: $? = 0
configure:4628: gcc -E  conftest.c
conftest.c:16:10: fatal error: 'ac_nonexistent.h' file not found
#include <ac_nonexistent.h>
         ^
1 error generated.
configure:4628: $? = 1
configure: failed program was:
| /* confdefs.h */
| #define PACKAGE_NAME "dchat-gui"
| #define PACKAGE_TARNAME "dchat-gui"
| #define PACKAGE_VERSION "0.9"
| #define PACKAGE_STRING "dchat-gui 0.9"
| #define PACKAGE_BUGREPORT "christoph.mahrl@gmail.com"
| #define PACKAGE_URL ""
| #define PACKAGE "dchat-gui"
| #define VERSION "0.9"
| #define HAVE_NCURSES 1
| #define HAVE_CURSES 1
| #define HAVE_CURSES_COLOR 1
| #define HAVE_CURSES_OBSOLETE 1
| #define HAVE_NCURSES_H 1
| /* end confdefs.h.  */
| #include <ac_nonexistent.h>
configure:4653: result: gcc -E
configure:4673: gcc -E  conftest.c
configure:4673: $? = 0
configure:4687: gcc -E  conftest.c
conftest.c:16:10: fatal error: 'ac_nonexistent.h' file not found
#include <ac_nonexistent.h>
         ^
1 error generated.
configure:4687: $? = 1
configure: failed program was:
| /* confdefs.h */
| #define PACKAGE_NAME "dchat-gui"
| #define PACKAGE_TARNAME "dchat-gui"
| #define PACKAGE_VERSION "0.9"
| #define PACKAGE_STRING "dchat-gui 0.9"
| #define PACKAGE_BUGREPORT "christoph.mahrl@gmail.com"
| #define PACKAGE_URL ""
| #define PACKAGE "dchat-gui"
| #define VERSION "0.9"
| #define HAVE_NCURSES 1
| #define HAVE_CURSES 1
| #define HAVE_CURSES_COLOR 1
| #define HAVE_CURSES_OBSOLETE 1
| #define HAVE_NCURSES_H 1
| /* end confdefs.h.  */
| #include <ac_nonexistent.h>
configure:4716: checking for grep that handles long lines and -e
configure:4774: result: /usr/bin/grep
configure:4779: checking for egrep
configure:4841: result: /usr/bin/grep -E
configure:4846: checking for ANSI C header files
configure:4866: gcc -c -g -O2  conftest.c >&5
configure:4866: $? = 0
configure:4939: gcc -o conftest -g -O2   conftest.c  >&5
configure:4939: $? = 0
configure:4939: ./conftest
configure:4939: $? = 0
configure:4950: result: yes
configure:4963: checking for sys/types.h
configure:4963: gcc -c -g -O2  conftest.c >&5
configure:4963: $? = 0
configure:4963: result: yes
configure:4963: checking for sys/stat.h
configure:4963: gcc -c -g -O2  conftest.c >&5
configure:4963: $? = 0
configure:4963: result: yes
configure:4963: checking for stdlib.h
configure:4963: gcc -c -g -O2  conftest.c >&5
configure:4963: $? = 0
configure:4963: result: yes
configure:4963: checking for string.h
configure:4963: gcc -c -g -O2  conftest.c >&5
configure:4963: $? = 0
configure:4963: result: yes
configure:4963: checking for memory.h
configure:4963: gcc -c -g -O2  conftest.c >&5
configure:4963: $? = 0
configure:4963: result: yes
configure:4963: checking for strings.h
configure:4963: gcc -c -g -O2  conftest.c >&5
configure:4963: $? = 0
configure:4963: result: yes
configure:4963: checking for inttypes.h
configure:4963: gcc -c -g -O2  conftest.c >&5
configure:4963: $? = 0
configure:4963: result: yes
configure:4963: checking for stdint.h
configure:4963: gcc -c -g -O2  conftest.c >&5
configure:4963: $? = 0
configure:4963: result: yes
configure:4963: checking for unistd.h
configure:4963: gcc -c -g -O2  conftest.c >&5
configure:4963: $? = 0
configure:4963: result: yes
configure:4978: checking for stdlib.h
configure:4978: result: yes
configure:4978: checking for string.h
configure:4978: result: yes
configure:4992: checking for stdlib.h
configure:4992: result: yes
configure:5002: checking for GNU libc compatible malloc
configure:5026: gcc -o conftest -g -O2   conftest.c  >&5
configure:5026: $? = 0
configure:5026: ./conftest
configure:5026: $? = 0
configure:5036: result: yes
configure:5059: checking for memset
configure:5059: gcc -o conftest -g -O2   conftest.c  >&5
conftest.c:53:6: warning: incompatible redeclaration of library function 'memset' [-Wincompatible-library-redeclaration]
char memset ();
     ^
conftest.c:53:6: note: 'memset' is a builtin with type 'void *(void *, int, unsigned long)'
1 warning generated.
configure:5059: $? = 0
configure:5059: result: yes
configure:5181: checking that generated files are newer than configure
configure:5187: result: done
configure:5210: creating ./config.status

## ---------------------- ##
## Running config.status. ##
## ---------------------- ##

This file was extended by dchat-gui config.status 0.9, which was
generated by GNU Autoconf 2.69.  Invocation command line was

  CONFIG_FILES    = 
  CONFIG_HEADERS  = 
  CONFIG_LINKS    = 
  CONFIG_COMMANDS = 
  $ ./config.status 

on Hackint0sh

config.status:864: creating Makefile
config.status:864: creating src/Makefile
config.status:864: creating config.h
config.status:1093: executing depfiles commands

## ---------------- ##
## Cache variables. ##
## ---------------- ##

ac_cv_c_compiler_gnu=yes
ac_cv_env_CC_set=
ac_cv_env_CC_value=
ac_cv_env_CFLAGS_set=
ac_cv_env_CFLAGS_value=
ac_cv_env_CPPFLAGS_set=
ac_cv_env_CPPFLAGS_value=
ac_cv_env_CPP_set=
ac_cv_env_CPP_value=
ac_cv_env_CURSES_LIB_set=
ac_cv_env_CURSES_LIB_value=
ac_cv_env_LDFLAGS_set=
ac_cv_env_LDFLAGS_value=
ac_cv_env_LIBS_set=
ac_cv_env_LIBS_value=
ac_cv_env_build_alias_set=
ac_cv_env_build_alias_value=
ac_cv_env_host_alias_set=
ac_cv_env_host_alias_value=
ac_cv_env_target_alias_set=
ac_cv_env_target_alias_value=
ac_cv_func_malloc_0_nonnull=yes
ac_cv_func_memset=yes
ac_cv_header_inttypes_h=yes
ac_cv_header_memory_h=yes
ac_cv_header_stdc=yes
ac_cv_header_stdint_h=yes
ac_cv_header_stdlib_h=yes
ac_cv_header_string_h=yes
ac_cv_header_strings_h=yes
ac_cv_header_sys_stat_h=yes
ac_cv_header_sys_types_h=yes
ac_cv_header_unistd_h=yes
ac_cv_objext=o
ac_cv_path_EGREP='/usr/bin/grep -E'
ac_cv_path_GREP=/usr/bin/grep
ac_cv_path_install='/opt/local/bin/ginstall -c'
ac_cv_path_mkdir=/opt/local/bin/gmkdir
ac_cv_prog_AWK=gawk
ac_cv_prog_CPP='gcc -E'
ac_cv_prog_ac_ct_CC=gcc
ac_cv_prog_cc_c89=
ac_cv_prog_cc_g=yes
ac_cv_prog_make_make_set=yes
am_cv_CC_dependencies_compiler_type=gcc3
am_cv_make_support_nested_variables=yes
am_cv_prog_cc_c_o=yes
ax_cv_curses=yes
ax_cv_curses_color=yes
ax_cv_curses_enhanced=no
ax_cv_curses_obsolete=yes
ax_cv_curses_which=ncurses
ax_cv_header_ncurses_curses_h=no
ax_cv_header_ncurses_h=yes
ax_cv_ncurses=yes
ax_cv_ncursesw=no

## ----------------- ##
## Output variables. ##
## ----------------- ##

ACLOCAL='${SHELL} /Users/christophmahrl/Documents/Projects/DChat-Ncurses/missing aclocal-1.14'
AMDEPBACKSLASH='\'
AMDEP_FALSE='#'
AMDEP_TRUE=''
AMTAR='$${TAR-tar}'
AM_BACKSLASH='\'
AM_DEFAULT_V='$(AM_DEFAULT_VERBOSITY)'
AM_DEFAULT_VERBOSITY='1'
AM_V='$(V)'
AUTOCONF='${SHELL} /Users/christophmahrl/Documents/Projects/DChat-Ncurses/missing autoconf'
AUTOHEADER='${SHELL} /Users/christophmahrl/Documents/Projects/DChat-Ncurses/missing autoheader'
AUTOMAKE='${SHELL} /Users/christophmahrl/Documents/Projects/DChat-Ncurses/missing automake-1.14'
AWK='gawk'
CC='gcc'
CCDEPMODE='depmode=gcc3'
CFLAGS='-g -O2'
CPP='gcc -E'
CPPFLAGS=''
CURSES_LIB='-lncurses'
CYGPATH_W='echo'
DEFS='-DHAVE_CONFIG_H'
DEPDIR='.deps'
ECHO_C='\c'
ECHO_N=''
ECHO_T=''
EGREP='/usr/bin/grep -E'
EXEEXT=''
GREP='/usr/bin/grep'
INSTALL_DATA='${INSTALL} -m 644'
INSTALL_PROGRAM='${INSTALL}'
INSTALL_SCRIPT='${INSTALL}'
INSTALL_STRIP_PROGRAM='$(install_sh) -c -s'
LDFLAGS=''
LIBOBJS=''
LIBS=''
LTLIBOBJS=''
MAKEINFO='${SHELL} /Users/christophmahrl/Documents/Projects/DChat-Ncurses/missing makeinfo'
MKDIR_P='/opt/local/bin/gmkdir -p'
OBJEXT='o'
PACKAGE='dchat-gui'
PACKAGE_BUGREPORT='christoph.mahrl@gmail.com'
PACKAGE_NAME='dchat-gui'
PACKAGE_STRING='dchat-gui 0.9'
PACKAGE_TARNAME='dchat-gui'
PACKAGE_URL=''
PACKAGE_VERSION='0.9'
PATH_SEPARATOR=':'
SET_MAKE=''
SHELL='/bin/sh'
STRIP=''
VERSION='0.9'
ac_ct_CC='gcc'
am__EXEEXT_FALSE=''
am__EXEEXT_TRUE='#'
am__fastdepCC_FALSE='#'
am__fastdepCC_TRUE=''
am__include='include'
am__isrc=''
am__leading_dot='.'
am__nodep='_no'
am__quote=''
am__tar='$${TAR-tar} chof - "$$tardir"'
am__untar='$${TAR-tar} xf -'
bindir='${exec_prefix}/bin'
build_alias=''
datadir='${datarootdir}'
datarootdir='${prefix}/share'
docdir='${datarootdir}/doc/${PACKAGE_TARNAME}'
dvidir='${docdir}'
exec_prefix='${prefix}'
host_alias=''
htmldir='${docdir}'
includedir='${prefix}/include'
infodir='${datarootdir}/info'
install_sh='${SHELL} /Users/christophmahrl/Documents/Projects/DChat-Ncurses/install-sh'
libdir='${exec_prefix}/lib'
libexecdir='${exec_prefix}/libexec'
localedir='${datarootdir}/locale'
localstatedir='${prefix}/var'
mandir='${datarootdir}/man'
mkdir_p='$(MKDIR_P)'
oldincludedir='/usr/include'
pdfdir='${docdir}'
prefix='/usr/local'
program_transform_name='s,x,x,'
psdir='${docdir}'
sbindir='${exec_prefix}/sbin'
sharedstatedir='${prefix}/com'
sysconfdir='${prefix}/etc'
target_alias=''

## ----------- ##
## confdefs.h. ##
## ----------- ##

/* confdefs.h */
#define PACKAGE_NAME "dchat-gui"
#define PACKAGE_TARNAME "dchat-gui"
#define PACKAGE_VERSION "0.9"
#define PACKAGE_STRING "dchat-gui 0.9"
#define PACKAGE_BUGREPORT "christoph.mahrl@gmail.com"
#define PACKAGE_URL ""
#define PACKAGE "dchat-gui"
#define VERSION "0.9"
#define HAVE_NCURSES 1
#define HAVE_CURSES 1
#define HAVE_CURSES_COLOR 1
#define HAVE_CURSES_OBSOLETE 1
#define HAVE_NCURSES_H 1
#define STDC_HEADERS 1
#define HAVE_SYS_TYPES_H 1
#define HAVE_SYS_STAT_H 1
#define HAVE_STDLIB_H 1
#define HAVE_STRING_H 1
#define HAVE_MEMORY_H 1
#define HAVE_STRINGS_H 1
#define HAVE_INTTYPES_H 1
#define HAVE_STDINT_H 1
#define HAVE_UNISTD_H 1
#define HAVE_STDLIB_H 1
#define HAVE_STRING_H 1
#define HAVE_STDLIB_H 1
#define HAVE_MALLOC 1
#define HAVE_MEMSET 1

configure: exit 0

## ---------------------- ##
## Running config.status. ##
## ---------------------- ##

This file was extended by dchat-gui config.status 0.9, which was
generated by GNU Autoconf 2.69.  Invocation command line was

  CONFIG_FILES    = 
  CONFIG_HEADERS  = 
  CONFIG_LINKS    = 
  CONFIG_COMMANDS = 
  $ ./config.status Makefile

on Hackint0sh

config.status:864: creating Makefile

## ---------------------- ##
## Running config.status. ##
## ---------------------- ##

This file was extended by dchat-gui config.status 0.9, which was
generated by GNU Autoconf 2.69.  Invocation command line was

  CONFIG_FILES    = 
  CONFIG_HEADERS  = 
  CONFIG_LINKS    = 
  CONFIG_COMMANDS = 
  $ ./config.status src/Makefile depfiles

on Hackint0sh

config.status:864: creating src/Makefile
config.status:1093: executing depfiles commands
